<?xml version="1.0" encoding="UTF-8"?>
<testng-results skipped="0" failed="0" total="4" passed="4">
  <reporter-output>
    <line>
      <![CDATA[Browser lounch]]>
    </line>
    <line>
      <![CDATA[navigate to Link]]>
    </line>
    <line>
      <![CDATA[execute  =========> verifyNewNumberWithInValidData]]>
    </line>
    <line>
      <![CDATA[navigate to Link]]>
    </line>
    <line>
      <![CDATA[execute  =========> verifyNewNumberWithValidData]]>
    </line>
    <line>
      <![CDATA[navigate to Link]]>
    </line>
    <line>
      <![CDATA[execute  =========> verifyPhoneNumberWithInValidData]]>
    </line>
    <line>
      <![CDATA[navigate to Link]]>
    </line>
    <line>
      <![CDATA[execute  =========> verifyPhoneNumberWithValidData]]>
    </line>
  </reporter-output>
  <suite name="Default suite" duration-ms="7971" started-at="2018-04-17T17:01:45Z" finished-at="2018-04-17T17:01:53Z">
    <groups>
    </groups>
    <test name="Default test" duration-ms="7971" started-at="2018-04-17T17:01:45Z" finished-at="2018-04-17T17:01:53Z">
      <class name="rippling.VerifyPhoneOrNumber">
        <test-method status="PASS" signature="configBC()[pri:0, instance:rippling.VerifyPhoneOrNumber@2b98378d]" name="configBC" is-config="true" duration-ms="5085" started-at="2018-04-17T22:31:45Z" finished-at="2018-04-17T22:31:50Z">
          <reporter-output>
            <line>
              <![CDATA[Browser lounch]]>
            </line>
          </reporter-output>
        </test-method> <!-- configBC -->
        <test-method status="PASS" signature="configBM()[pri:0, instance:rippling.VerifyPhoneOrNumber@2b98378d]" name="configBM" is-config="true" duration-ms="1413" started-at="2018-04-17T22:31:50Z" finished-at="2018-04-17T22:31:52Z">
          <reporter-output>
            <line>
              <![CDATA[navigate to Link]]>
            </line>
          </reporter-output>
        </test-method> <!-- configBM -->
        <test-method status="PASS" signature="verifyNewNumberWithInValidData()[pri:0, instance:rippling.VerifyPhoneOrNumber@2b98378d]" name="verifyNewNumberWithInValidData" duration-ms="29" started-at="2018-04-17T22:31:52Z" finished-at="2018-04-17T22:31:52Z">
          <reporter-output>
            <line>
              <![CDATA[execute  =========> verifyNewNumberWithInValidData]]>
            </line>
          </reporter-output>
        </test-method> <!-- verifyNewNumberWithInValidData -->
        <test-method status="PASS" signature="configAM()[pri:0, instance:rippling.VerifyPhoneOrNumber@2b98378d]" name="configAM" is-config="true" duration-ms="1" started-at="2018-04-17T22:31:52Z" finished-at="2018-04-17T22:31:52Z">
          <reporter-output>
          </reporter-output>
        </test-method> <!-- configAM -->
        <test-method status="PASS" signature="configBM()[pri:0, instance:rippling.VerifyPhoneOrNumber@2b98378d]" name="configBM" is-config="true" duration-ms="271" started-at="2018-04-17T22:31:52Z" finished-at="2018-04-17T22:31:52Z">
          <reporter-output>
            <line>
              <![CDATA[navigate to Link]]>
            </line>
          </reporter-output>
        </test-method> <!-- configBM -->
        <test-method status="PASS" signature="verifyNewNumberWithValidData()[pri:0, instance:rippling.VerifyPhoneOrNumber@2b98378d]" name="verifyNewNumberWithValidData" duration-ms="12" started-at="2018-04-17T22:31:52Z" finished-at="2018-04-17T22:31:52Z">
          <reporter-output>
            <line>
              <![CDATA[execute  =========> verifyNewNumberWithValidData]]>
            </line>
          </reporter-output>
        </test-method> <!-- verifyNewNumberWithValidData -->
        <test-method status="PASS" signature="configAM()[pri:0, instance:rippling.VerifyPhoneOrNumber@2b98378d]" name="configAM" is-config="true" duration-ms="1" started-at="2018-04-17T22:31:52Z" finished-at="2018-04-17T22:31:52Z">
          <reporter-output>
          </reporter-output>
        </test-method> <!-- configAM -->
        <test-method status="PASS" signature="configBM()[pri:0, instance:rippling.VerifyPhoneOrNumber@2b98378d]" name="configBM" is-config="true" duration-ms="254" started-at="2018-04-17T22:31:52Z" finished-at="2018-04-17T22:31:52Z">
          <reporter-output>
            <line>
              <![CDATA[navigate to Link]]>
            </line>
          </reporter-output>
        </test-method> <!-- configBM -->
        <test-method status="PASS" signature="verifyPhoneNumberWithInValidData()[pri:0, instance:rippling.VerifyPhoneOrNumber@2b98378d]" name="verifyPhoneNumberWithInValidData" duration-ms="9" started-at="2018-04-17T22:31:52Z" finished-at="2018-04-17T22:31:53Z">
          <reporter-output>
            <line>
              <![CDATA[execute  =========> verifyPhoneNumberWithInValidData]]>
            </line>
          </reporter-output>
        </test-method> <!-- verifyPhoneNumberWithInValidData -->
        <test-method status="PASS" signature="configAM()[pri:0, instance:rippling.VerifyPhoneOrNumber@2b98378d]" name="configAM" is-config="true" duration-ms="0" started-at="2018-04-17T22:31:53Z" finished-at="2018-04-17T22:31:53Z">
          <reporter-output>
          </reporter-output>
        </test-method> <!-- configAM -->
        <test-method status="PASS" signature="configBM()[pri:0, instance:rippling.VerifyPhoneOrNumber@2b98378d]" name="configBM" is-config="true" duration-ms="290" started-at="2018-04-17T22:31:53Z" finished-at="2018-04-17T22:31:53Z">
          <reporter-output>
            <line>
              <![CDATA[navigate to Link]]>
            </line>
          </reporter-output>
        </test-method> <!-- configBM -->
        <test-method status="PASS" signature="verifyPhoneNumberWithValidData()[pri:0, instance:rippling.VerifyPhoneOrNumber@2b98378d]" name="verifyPhoneNumberWithValidData" duration-ms="9" started-at="2018-04-17T22:31:53Z" finished-at="2018-04-17T22:31:53Z">
          <reporter-output>
            <line>
              <![CDATA[execute  =========> verifyPhoneNumberWithValidData]]>
            </line>
          </reporter-output>
        </test-method> <!-- verifyPhoneNumberWithValidData -->
        <test-method status="PASS" signature="configAM()[pri:0, instance:rippling.VerifyPhoneOrNumber@2b98378d]" name="configAM" is-config="true" duration-ms="1" started-at="2018-04-17T22:31:53Z" finished-at="2018-04-17T22:31:53Z">
          <reporter-output>
          </reporter-output>
        </test-method> <!-- configAM -->
        <test-method status="PASS" signature="configAC()[pri:0, instance:rippling.VerifyPhoneOrNumber@2b98378d]" name="configAC" is-config="true" duration-ms="497" started-at="2018-04-17T22:31:53Z" finished-at="2018-04-17T22:31:53Z">
          <reporter-output>
          </reporter-output>
        </test-method> <!-- configAC -->
      </class> <!-- rippling.VerifyPhoneOrNumber -->
    </test> <!-- Default test -->
  </suite> <!-- Default suite -->
</testng-results>
