<?xml version="1.0" encoding="UTF-8"?>
<testng-results skipped="4" failed="0" total="4" passed="0">
  <reporter-output>
  </reporter-output>
  <suite name="Suite" duration-ms="236" started-at="2018-04-17T15:37:23Z" finished-at="2018-04-17T15:37:23Z">
    <groups>
    </groups>
    <test name="Test" duration-ms="236" started-at="2018-04-17T15:37:23Z" finished-at="2018-04-17T15:37:23Z">
      <class name="rippling.VerifyPhoneOrNumber">
        <test-method status="FAIL" signature="configBC()[pri:0, instance:rippling.VerifyPhoneOrNumber@2b98378d]" name="configBC" is-config="true" duration-ms="0" started-at="2018-04-17T21:07:23Z" finished-at="2018-04-17T21:07:23Z">
          <exception class="java.io.FileNotFoundException">
            <message>
              <![CDATA[.\src\test\resources\data\testdata.properties (The system cannot find the path specified)]]>
            </message>
            <full-stacktrace>
              <![CDATA[java.io.FileNotFoundException: .\src\test\resources\data\testdata.properties (The system cannot find the path specified)
	at java.io.FileInputStream.open(Native Method)
	at java.io.FileInputStream.<init>(FileInputStream.java:138)
	at java.io.FileInputStream.<init>(FileInputStream.java:93)
	at com.genricLib.CommonUtil.getdropdataObj(CommonUtil.java:34)
	at com.genricLib.BaseClass.configBC(BaseClass.java:23)
	at sun.reflect.NativeMethodAccessorImpl.invoke0(Native Method)
	at sun.reflect.NativeMethodAccessorImpl.invoke(NativeMethodAccessorImpl.java:62)
	at sun.reflect.DelegatingMethodAccessorImpl.invoke(DelegatingMethodAccessorImpl.java:43)
	at java.lang.reflect.Method.invoke(Method.java:483)
	at org.testng.internal.MethodInvocationHelper.invokeMethod(MethodInvocationHelper.java:80)
	at org.testng.internal.Invoker.invokeConfigurationMethod(Invoker.java:564)
	at org.testng.internal.Invoker.invokeConfigurations(Invoker.java:213)
	at org.testng.internal.Invoker.invokeConfigurations(Invoker.java:138)
	at org.testng.internal.TestMethodWorker.invokeBeforeClassMethods(TestMethodWorker.java:175)
	at org.testng.internal.TestMethodWorker.run(TestMethodWorker.java:107)
	at org.testng.TestRunner.privateRun(TestRunner.java:767)
	at org.testng.TestRunner.run(TestRunner.java:617)
	at org.testng.SuiteRunner.runTest(SuiteRunner.java:334)
	at org.testng.SuiteRunner.runSequentially(SuiteRunner.java:329)
	at org.testng.SuiteRunner.privateRun(SuiteRunner.java:291)
	at org.testng.SuiteRunner.run(SuiteRunner.java:240)
	at org.testng.SuiteRunnerWorker.runSuite(SuiteRunnerWorker.java:52)
	at org.testng.SuiteRunnerWorker.run(SuiteRunnerWorker.java:86)
	at org.testng.TestNG.runSuitesSequentially(TestNG.java:1198)
	at org.testng.TestNG.runSuitesLocally(TestNG.java:1123)
	at org.testng.TestNG.run(TestNG.java:1031)
	at org.testng.remote.AbstractRemoteTestNG.run(AbstractRemoteTestNG.java:114)
	at org.testng.remote.RemoteTestNG.initAndRun(RemoteTestNG.java:251)
	at org.testng.remote.RemoteTestNG.main(RemoteTestNG.java:77)
]]>
            </full-stacktrace>
          </exception> <!-- java.io.FileNotFoundException -->
          <reporter-output>
          </reporter-output>
        </test-method> <!-- configBC -->
        <test-method status="SKIP" signature="configBM()[pri:0, instance:rippling.VerifyPhoneOrNumber@2b98378d]" name="configBM" is-config="true" duration-ms="0" started-at="2018-04-17T21:07:23Z" finished-at="2018-04-17T21:07:23Z">
          <reporter-output>
          </reporter-output>
        </test-method> <!-- configBM -->
        <test-method status="SKIP" signature="verifyNewNumberWithInValidData()[pri:0, instance:rippling.VerifyPhoneOrNumber@2b98378d]" name="verifyNewNumberWithInValidData" duration-ms="7" started-at="2018-04-17T21:07:23Z" finished-at="2018-04-17T21:07:23Z">
          <reporter-output>
          </reporter-output>
        </test-method> <!-- verifyNewNumberWithInValidData -->
        <test-method status="SKIP" signature="configAM()[pri:0, instance:rippling.VerifyPhoneOrNumber@2b98378d]" name="configAM" is-config="true" duration-ms="0" started-at="2018-04-17T21:07:23Z" finished-at="2018-04-17T21:07:23Z">
          <reporter-output>
          </reporter-output>
        </test-method> <!-- configAM -->
        <test-method status="SKIP" signature="configBM()[pri:0, instance:rippling.VerifyPhoneOrNumber@2b98378d]" name="configBM" is-config="true" duration-ms="0" started-at="2018-04-17T21:07:23Z" finished-at="2018-04-17T21:07:23Z">
          <reporter-output>
          </reporter-output>
        </test-method> <!-- configBM -->
        <test-method status="SKIP" signature="verifyNewNumberWithValidData()[pri:0, instance:rippling.VerifyPhoneOrNumber@2b98378d]" name="verifyNewNumberWithValidData" duration-ms="7" started-at="2018-04-17T21:07:23Z" finished-at="2018-04-17T21:07:23Z">
          <reporter-output>
          </reporter-output>
        </test-method> <!-- verifyNewNumberWithValidData -->
        <test-method status="SKIP" signature="configAM()[pri:0, instance:rippling.VerifyPhoneOrNumber@2b98378d]" name="configAM" is-config="true" duration-ms="0" started-at="2018-04-17T21:07:23Z" finished-at="2018-04-17T21:07:23Z">
          <reporter-output>
          </reporter-output>
        </test-method> <!-- configAM -->
        <test-method status="SKIP" signature="configBM()[pri:0, instance:rippling.VerifyPhoneOrNumber@2b98378d]" name="configBM" is-config="true" duration-ms="0" started-at="2018-04-17T21:07:23Z" finished-at="2018-04-17T21:07:23Z">
          <reporter-output>
          </reporter-output>
        </test-method> <!-- configBM -->
        <test-method status="SKIP" signature="verifyPhoneNumberWithInValidData()[pri:0, instance:rippling.VerifyPhoneOrNumber@2b98378d]" name="verifyPhoneNumberWithInValidData" duration-ms="7" started-at="2018-04-17T21:07:23Z" finished-at="2018-04-17T21:07:23Z">
          <reporter-output>
          </reporter-output>
        </test-method> <!-- verifyPhoneNumberWithInValidData -->
        <test-method status="SKIP" signature="configAM()[pri:0, instance:rippling.VerifyPhoneOrNumber@2b98378d]" name="configAM" is-config="true" duration-ms="0" started-at="2018-04-17T21:07:23Z" finished-at="2018-04-17T21:07:23Z">
          <reporter-output>
          </reporter-output>
        </test-method> <!-- configAM -->
        <test-method status="SKIP" signature="configBM()[pri:0, instance:rippling.VerifyPhoneOrNumber@2b98378d]" name="configBM" is-config="true" duration-ms="0" started-at="2018-04-17T21:07:23Z" finished-at="2018-04-17T21:07:23Z">
          <reporter-output>
          </reporter-output>
        </test-method> <!-- configBM -->
        <test-method status="SKIP" signature="verifyPhoneNumberWithValidData()[pri:0, instance:rippling.VerifyPhoneOrNumber@2b98378d]" name="verifyPhoneNumberWithValidData" duration-ms="12" started-at="2018-04-17T21:07:23Z" finished-at="2018-04-17T21:07:23Z">
          <reporter-output>
          </reporter-output>
        </test-method> <!-- verifyPhoneNumberWithValidData -->
        <test-method status="SKIP" signature="configAM()[pri:0, instance:rippling.VerifyPhoneOrNumber@2b98378d]" name="configAM" is-config="true" duration-ms="0" started-at="2018-04-17T21:07:23Z" finished-at="2018-04-17T21:07:23Z">
          <reporter-output>
          </reporter-output>
        </test-method> <!-- configAM -->
        <test-method status="SKIP" signature="configAC()[pri:0, instance:rippling.VerifyPhoneOrNumber@2b98378d]" name="configAC" is-config="true" duration-ms="0" started-at="2018-04-17T21:07:23Z" finished-at="2018-04-17T21:07:23Z">
          <reporter-output>
          </reporter-output>
        </test-method> <!-- configAC -->
      </class> <!-- rippling.VerifyPhoneOrNumber -->
    </test> <!-- Test -->
  </suite> <!-- Suite -->
</testng-results>
