<?xml version="1.0" encoding="UTF-8"?>
<!-- Generated by org.testng.reporters.JUnitXMLReporter -->
<testsuite hostname="Nita-pc" name="Default test" tests="4" failures="0" timestamp="17 Apr 2018 17:01:53 GMT" time="7.971" errors="0">
  <testcase name="verifyNewNumberWithInValidData" time="0.029" classname="rippling.VerifyPhoneOrNumber"/>
  <testcase name="verifyNewNumberWithValidData" time="0.012" classname="rippling.VerifyPhoneOrNumber"/>
  <testcase name="verifyPhoneNumberWithInValidData" time="0.009" classname="rippling.VerifyPhoneOrNumber"/>
  <testcase name="verifyPhoneNumberWithValidData" time="0.009" classname="rippling.VerifyPhoneOrNumber"/>
</testsuite> <!-- Default test -->
