<?xml version="1.0" encoding="UTF-8"?>
<testng-results skipped="0" failed="0" total="1" passed="1">
  <reporter-output>
  </reporter-output>
  <suite name="Default suite" duration-ms="50292" started-at="2018-05-02T14:18:30Z" finished-at="2018-05-02T14:19:20Z">
    <groups>
    </groups>
    <test name="Default test" duration-ms="50292" started-at="2018-05-02T14:18:30Z" finished-at="2018-05-02T14:19:20Z">
      <class name="javaname.patternProgram">
        <test-method status="PASS" signature="amazonOpenTest()[pri:0, instance:javaname.patternProgram@6767c1fc]" name="amazonOpenTest" duration-ms="50248" started-at="2018-05-02T19:48:30Z" finished-at="2018-05-02T19:49:20Z">
          <reporter-output>
          </reporter-output>
        </test-method> <!-- amazonOpenTest -->
      </class> <!-- javaname.patternProgram -->
    </test> <!-- Default test -->
  </suite> <!-- Default suite -->
</testng-results>
