<?xml version="1.0" encoding="UTF-8"?>
<!-- Generated by org.testng.reporters.JUnitXMLReporter -->
<testsuite hostname="Nita-pc" name="Test" tests="4" failures="0" timestamp="17 Apr 2018 15:40:59 GMT" time="0.35" errors="0">
  <testcase name="@BeforeClass configBC" time="0.0" classname="rippling.VerifyPhoneOrNumber">
    <failure type="java.io.FileNotFoundException" message=".\src\test\resources\data\testdata.properties (The system cannot find the path specified)">
      <![CDATA[java.io.FileNotFoundException: .\src\test\resources\data\testdata.properties (The system cannot find the path specified)
	at java.io.FileInputStream.open(Native Method)
	at java.io.FileInputStream.<init>(FileInputStream.java:138)
	at java.io.FileInputStream.<init>(FileInputStream.java:93)
	at com.genricLib.CommonUtil.getdropdataObj(CommonUtil.java:34)
	at com.genricLib.BaseClass.configBC(BaseClass.java:23)
... Removed 24 stack frames]]>
    </failure>
  </testcase> <!-- @BeforeClass configBC -->
  <testcase name="@BeforeMethod configBM" time="0.0" classname="rippling.VerifyPhoneOrNumber">
    <skipped/>
  </testcase> <!-- @BeforeMethod configBM -->
  <testcase name="@AfterMethod configAM" time="0.0" classname="rippling.VerifyPhoneOrNumber">
    <skipped/>
  </testcase> <!-- @AfterMethod configAM -->
  <testcase name="@BeforeMethod configBM" time="0.0" classname="rippling.VerifyPhoneOrNumber">
    <skipped/>
  </testcase> <!-- @BeforeMethod configBM -->
  <testcase name="@AfterMethod configAM" time="0.0" classname="rippling.VerifyPhoneOrNumber">
    <skipped/>
  </testcase> <!-- @AfterMethod configAM -->
  <testcase name="@BeforeMethod configBM" time="0.0" classname="rippling.VerifyPhoneOrNumber">
    <skipped/>
  </testcase> <!-- @BeforeMethod configBM -->
  <testcase name="@AfterMethod configAM" time="0.0" classname="rippling.VerifyPhoneOrNumber">
    <skipped/>
  </testcase> <!-- @AfterMethod configAM -->
  <testcase name="@BeforeMethod configBM" time="0.0" classname="rippling.VerifyPhoneOrNumber">
    <skipped/>
  </testcase> <!-- @BeforeMethod configBM -->
  <testcase name="@AfterMethod configAM" time="0.0" classname="rippling.VerifyPhoneOrNumber">
    <skipped/>
  </testcase> <!-- @AfterMethod configAM -->
  <testcase name="@AfterClass configAC" time="0.0" classname="rippling.VerifyPhoneOrNumber">
    <skipped/>
  </testcase> <!-- @AfterClass configAC -->
  <testcase name="verifyNewNumberWithInValidData" time="0.027" classname="rippling.VerifyPhoneOrNumber">
    <skipped/>
  </testcase> <!-- verifyNewNumberWithInValidData -->
  <testcase name="verifyNewNumberWithValidData" time="0.011" classname="rippling.VerifyPhoneOrNumber">
    <skipped/>
  </testcase> <!-- verifyNewNumberWithValidData -->
  <testcase name="verifyPhoneNumberWithInValidData" time="0.012" classname="rippling.VerifyPhoneOrNumber">
    <skipped/>
  </testcase> <!-- verifyPhoneNumberWithInValidData -->
  <testcase name="verifyPhoneNumberWithValidData" time="0.006" classname="rippling.VerifyPhoneOrNumber">
    <skipped/>
  </testcase> <!-- verifyPhoneNumberWithValidData -->
</testsuite> <!-- Test -->
