<?xml version="1.0" encoding="UTF-8"?>
<testng-results skipped="1" failed="0" total="1" passed="0">
  <reporter-output>
  </reporter-output>
  <suite name="Default suite" duration-ms="20970" started-at="2018-05-02T14:47:14Z" finished-at="2018-05-02T14:47:35Z">
    <groups>
    </groups>
    <test name="Default test" duration-ms="20970" started-at="2018-05-02T14:47:14Z" finished-at="2018-05-02T14:47:35Z">
      <class name="com.actitime.testscript.CreateCustomer">
        <test-method status="FAIL" signature="configBC()[pri:0, instance:com.actitime.testscript.CreateCustomer@46d56d67]" name="configBC" is-config="true" duration-ms="0" started-at="2018-05-02T20:17:14Z" finished-at="2018-05-02T20:17:14Z">
          <exception class="java.io.FileNotFoundException">
            <message>
              <![CDATA[.\dataData\TestData.properties (The system cannot find the path specified)]]>
            </message>
            <full-stacktrace>
              <![CDATA[java.io.FileNotFoundException: .\dataData\TestData.properties (The system cannot find the path specified)
	at java.io.FileInputStream.open(Native Method)
	at java.io.FileInputStream.<init>(FileInputStream.java:138)
	at java.io.FileInputStream.<init>(FileInputStream.java:93)
	at com.actitime.genericLib.CommonUtility.getpropertiesData(CommonUtility.java:23)
	at com.actitime.genericLib.BaseClass.configBC(BaseClass.java:27)
	at sun.reflect.NativeMethodAccessorImpl.invoke0(Native Method)
	at sun.reflect.NativeMethodAccessorImpl.invoke(NativeMethodAccessorImpl.java:62)
	at sun.reflect.DelegatingMethodAccessorImpl.invoke(DelegatingMethodAccessorImpl.java:43)
	at java.lang.reflect.Method.invoke(Method.java:483)
	at org.testng.internal.MethodInvocationHelper.invokeMethod(MethodInvocationHelper.java:85)
	at org.testng.internal.Invoker.invokeConfigurationMethod(Invoker.java:510)
	at org.testng.internal.Invoker.invokeConfigurations(Invoker.java:211)
	at org.testng.internal.Invoker.invokeConfigurations(Invoker.java:138)
	at org.testng.internal.TestMethodWorker.invokeBeforeClassMethods(TestMethodWorker.java:170)
	at org.testng.internal.TestMethodWorker.run(TestMethodWorker.java:104)
	at org.testng.TestRunner.privateRun(TestRunner.java:774)
	at org.testng.TestRunner.run(TestRunner.java:624)
	at org.testng.SuiteRunner.runTest(SuiteRunner.java:359)
	at org.testng.SuiteRunner.runSequentially(SuiteRunner.java:354)
	at org.testng.SuiteRunner.privateRun(SuiteRunner.java:312)
	at org.testng.SuiteRunner.run(SuiteRunner.java:261)
	at org.testng.SuiteRunnerWorker.runSuite(SuiteRunnerWorker.java:52)
	at org.testng.SuiteRunnerWorker.run(SuiteRunnerWorker.java:86)
	at org.testng.TestNG.runSuitesSequentially(TestNG.java:1215)
	at org.testng.TestNG.runSuitesLocally(TestNG.java:1140)
	at org.testng.TestNG.run(TestNG.java:1048)
	at org.testng.remote.AbstractRemoteTestNG.run(AbstractRemoteTestNG.java:114)
	at org.testng.remote.RemoteTestNG.initAndRun(RemoteTestNG.java:251)
	at org.testng.remote.RemoteTestNG.main(RemoteTestNG.java:77)
]]>
            </full-stacktrace>
          </exception> <!-- java.io.FileNotFoundException -->
          <reporter-output>
          </reporter-output>
        </test-method> <!-- configBC -->
        <test-method status="SKIP" signature="configBM()[pri:0, instance:com.actitime.testscript.CreateCustomer@46d56d67]" name="configBM" is-config="true" duration-ms="0" started-at="2018-05-02T20:17:35Z" finished-at="2018-05-02T20:17:35Z">
          <reporter-output>
          </reporter-output>
        </test-method> <!-- configBM -->
        <test-method status="SKIP" signature="CreatTest()[pri:0, instance:com.actitime.testscript.CreateCustomer@46d56d67]" name="CreatTest" duration-ms="29" started-at="2018-05-02T20:17:35Z" finished-at="2018-05-02T20:17:35Z">
          <reporter-output>
          </reporter-output>
        </test-method> <!-- CreatTest -->
        <test-method status="SKIP" signature="configAM()[pri:0, instance:com.actitime.testscript.CreateCustomer@46d56d67]" name="configAM" is-config="true" duration-ms="0" started-at="2018-05-02T20:17:35Z" finished-at="2018-05-02T20:17:35Z">
          <reporter-output>
          </reporter-output>
        </test-method> <!-- configAM -->
        <test-method status="SKIP" signature="configAC()[pri:0, instance:com.actitime.testscript.CreateCustomer@46d56d67]" name="configAC" is-config="true" duration-ms="0" started-at="2018-05-02T20:17:35Z" finished-at="2018-05-02T20:17:35Z">
          <reporter-output>
          </reporter-output>
        </test-method> <!-- configAC -->
      </class> <!-- com.actitime.testscript.CreateCustomer -->
    </test> <!-- Default test -->
  </suite> <!-- Default suite -->
</testng-results>
